CRITICAL - 2024-12-20 20:17:20 --> ParseError: syntax error, unexpected token "<", expecting end of file
[Method: GET, Route: kontakt]
in APPPATH\Controllers\KontaktController.php on line 3.
 1 SYSTEMPATH\Autoloader\Autoloader.php(296): CodeIgniter\Autoloader\Autoloader->includeFile()
 2 SYSTEMPATH\Autoloader\Autoloader.php(272): CodeIgniter\Autoloader\Autoloader->loadInNamespace()
 3 [internal function]: CodeIgniter\Autoloader\Autoloader->loadClass()
 4 SYSTEMPATH\CodeIgniter.php(887): class_exists()
 5 SYSTEMPATH\CodeIgniter.php(496): CodeIgniter\CodeIgniter->startController()
 6 SYSTEMPATH\CodeIgniter.php(355): CodeIgniter\CodeIgniter->handleRequest()
 7 SYSTEMPATH\Boot.php(325): CodeIgniter\CodeIgniter->run()
 8 SYSTEMPATH\Boot.php(67): CodeIgniter\Boot::runCodeIgniter()
 9 FCPATH\index.php(56): CodeIgniter\Boot::bootWeb()
CRITICAL - 2024-12-20 20:21:04 --> Error: Class "SendGrid\Mail\Mail" not found
[Method: POST, Route: kontakt_slanje]
in APPPATH\Controllers\KontaktController.php on line 30.
 1 SYSTEMPATH\CodeIgniter.php(933): App\Controllers\KontaktController->kontakt_slanje()
 2 SYSTEMPATH\CodeIgniter.php(509): CodeIgniter\CodeIgniter->runController()
 3 SYSTEMPATH\CodeIgniter.php(355): CodeIgniter\CodeIgniter->handleRequest()
 4 SYSTEMPATH\Boot.php(325): CodeIgniter\CodeIgniter->run()
 5 SYSTEMPATH\Boot.php(67): CodeIgniter\Boot::runCodeIgniter()
 6 FCPATH\index.php(56): CodeIgniter\Boot::bootWeb()
CRITICAL - 2024-12-20 20:24:33 --> Error: Class "SendGrid\Mail\Mail" not found
[Method: POST, Route: kontakt_slanje]
in APPPATH\Controllers\KontaktController.php on line 30.
 1 SYSTEMPATH\CodeIgniter.php(933): App\Controllers\KontaktController->kontakt_slanje()
 2 SYSTEMPATH\CodeIgniter.php(509): CodeIgniter\CodeIgniter->runController()
 3 SYSTEMPATH\CodeIgniter.php(355): CodeIgniter\CodeIgniter->handleRequest()
 4 SYSTEMPATH\Boot.php(325): CodeIgniter\CodeIgniter->run()
 5 SYSTEMPATH\Boot.php(67): CodeIgniter\Boot::runCodeIgniter()
 6 FCPATH\index.php(56): CodeIgniter\Boot::bootWeb()
CRITICAL - 2024-12-20 20:24:37 --> Error: Class "SendGrid\Mail\Mail" not found
[Method: POST, Route: kontakt_slanje]
in APPPATH\Controllers\KontaktController.php on line 30.
 1 SYSTEMPATH\CodeIgniter.php(933): App\Controllers\KontaktController->kontakt_slanje()
 2 SYSTEMPATH\CodeIgniter.php(509): CodeIgniter\CodeIgniter->runController()
 3 SYSTEMPATH\CodeIgniter.php(355): CodeIgniter\CodeIgniter->handleRequest()
 4 SYSTEMPATH\Boot.php(325): CodeIgniter\CodeIgniter->run()
 5 SYSTEMPATH\Boot.php(67): CodeIgniter\Boot::runCodeIgniter()
 6 FCPATH\index.php(56): CodeIgniter\Boot::bootWeb()
CRITICAL - 2024-12-20 20:29:56 --> Error: Class "SendGrid" not found
[Method: GET, Route: email-test]
in APPPATH\Libraries\SendGridLibrary.php on line 14.
 1 APPPATH\Controllers\EmailController.php(11): App\Libraries\SendGridLibrary->__construct()
 2 SYSTEMPATH\CodeIgniter.php(933): App\Controllers\EmailController->send()
 3 SYSTEMPATH\CodeIgniter.php(509): CodeIgniter\CodeIgniter->runController()
 4 SYSTEMPATH\CodeIgniter.php(355): CodeIgniter\CodeIgniter->handleRequest()
 5 SYSTEMPATH\Boot.php(325): CodeIgniter\CodeIgniter->run()
 6 SYSTEMPATH\Boot.php(67): CodeIgniter\Boot::runCodeIgniter()
 7 FCPATH\index.php(56): CodeIgniter\Boot::bootWeb()
CRITICAL - 2024-12-20 20:32:04 --> Error: Class "SendGrid" not found
[Method: GET, Route: email-test]
in APPPATH\Libraries\SendGridLibrary.php on line 17.
 1 APPPATH\Controllers\EmailController.php(11): App\Libraries\SendGridLibrary->__construct()
 2 SYSTEMPATH\CodeIgniter.php(933): App\Controllers\EmailController->send()
 3 SYSTEMPATH\CodeIgniter.php(509): CodeIgniter\CodeIgniter->runController()
 4 SYSTEMPATH\CodeIgniter.php(355): CodeIgniter\CodeIgniter->handleRequest()
 5 SYSTEMPATH\Boot.php(325): CodeIgniter\CodeIgniter->run()
 6 SYSTEMPATH\Boot.php(67): CodeIgniter\Boot::runCodeIgniter()
 7 FCPATH\index.php(56): CodeIgniter\Boot::bootWeb()
CRITICAL - 2024-12-20 20:32:07 --> Error: Class "SendGrid" not found
[Method: GET, Route: email-test]
in APPPATH\Libraries\SendGridLibrary.php on line 17.
 1 APPPATH\Controllers\EmailController.php(11): App\Libraries\SendGridLibrary->__construct()
 2 SYSTEMPATH\CodeIgniter.php(933): App\Controllers\EmailController->send()
 3 SYSTEMPATH\CodeIgniter.php(509): CodeIgniter\CodeIgniter->runController()
 4 SYSTEMPATH\CodeIgniter.php(355): CodeIgniter\CodeIgniter->handleRequest()
 5 SYSTEMPATH\Boot.php(325): CodeIgniter\CodeIgniter->run()
 6 SYSTEMPATH\Boot.php(67): CodeIgniter\Boot::runCodeIgniter()
 7 FCPATH\index.php(56): CodeIgniter\Boot::bootWeb()
CRITICAL - 2024-12-20 20:32:13 --> Error: Class "SendGrid" not found
[Method: GET, Route: email-test]
in APPPATH\Libraries\SendGridLibrary.php on line 17.
 1 APPPATH\Controllers\EmailController.php(11): App\Libraries\SendGridLibrary->__construct()
 2 SYSTEMPATH\CodeIgniter.php(933): App\Controllers\EmailController->send()
 3 SYSTEMPATH\CodeIgniter.php(509): CodeIgniter\CodeIgniter->runController()
 4 SYSTEMPATH\CodeIgniter.php(355): CodeIgniter\CodeIgniter->handleRequest()
 5 SYSTEMPATH\Boot.php(325): CodeIgniter\CodeIgniter->run()
 6 SYSTEMPATH\Boot.php(67): CodeIgniter\Boot::runCodeIgniter()
 7 FCPATH\index.php(56): CodeIgniter\Boot::bootWeb()
CRITICAL - 2024-12-20 20:32:22 --> Error: Class "SendGrid" not found
[Method: GET, Route: email-test]
in APPPATH\Libraries\SendGridLibrary.php on line 17.
 1 APPPATH\Controllers\EmailController.php(11): App\Libraries\SendGridLibrary->__construct()
 2 SYSTEMPATH\CodeIgniter.php(933): App\Controllers\EmailController->send()
 3 SYSTEMPATH\CodeIgniter.php(509): CodeIgniter\CodeIgniter->runController()
 4 SYSTEMPATH\CodeIgniter.php(355): CodeIgniter\CodeIgniter->handleRequest()
 5 SYSTEMPATH\Boot.php(325): CodeIgniter\CodeIgniter->run()
 6 SYSTEMPATH\Boot.php(67): CodeIgniter\Boot::runCodeIgniter()
 7 FCPATH\index.php(56): CodeIgniter\Boot::bootWeb()
CRITICAL - 2024-12-20 20:34:13 --> ErrorException: require_once(D:\Programiranje\www\andrey-baugu.ch\app\ThirdParty/sendgrid/vendor/autoload.php): Failed to open stream: No such file or directory
[Method: GET, Route: email-test]
in APPPATH\Libraries\SendGridLibrary.php on line 7.
 1 APPPATH\Libraries\SendGridLibrary.php(7): CodeIgniter\Debug\Exceptions->errorHandler()
 2 APPPATH\Libraries\SendGridLibrary.php(7): require_once()
 3 SYSTEMPATH\Autoloader\Autoloader.php(317): include_once('D:\\Programiranje\\www\\andrey-baugu.ch\\app\\Libraries\\SendGridLibrary.php')
 4 SYSTEMPATH\Autoloader\Autoloader.php(296): CodeIgniter\Autoloader\Autoloader->includeFile()
 5 SYSTEMPATH\Autoloader\Autoloader.php(272): CodeIgniter\Autoloader\Autoloader->loadInNamespace()
 6 APPPATH\Controllers\EmailController.php(11): CodeIgniter\Autoloader\Autoloader->loadClass()
 7 SYSTEMPATH\CodeIgniter.php(933): App\Controllers\EmailController->send()
 8 SYSTEMPATH\CodeIgniter.php(509): CodeIgniter\CodeIgniter->runController()
 9 SYSTEMPATH\CodeIgniter.php(355): CodeIgniter\CodeIgniter->handleRequest()
10 SYSTEMPATH\Boot.php(325): CodeIgniter\CodeIgniter->run()
11 SYSTEMPATH\Boot.php(67): CodeIgniter\Boot::runCodeIgniter()
12 FCPATH\index.php(56): CodeIgniter\Boot::bootWeb()
CRITICAL - 2024-12-20 20:35:25 --> Error: Class "SendGrid" not found
[Method: GET, Route: email-test]
in APPPATH\Libraries\SendGridLibrary.php on line 18.
 1 APPPATH\Controllers\EmailController.php(11): App\Libraries\SendGridLibrary->__construct()
 2 SYSTEMPATH\CodeIgniter.php(933): App\Controllers\EmailController->send()
 3 SYSTEMPATH\CodeIgniter.php(509): CodeIgniter\CodeIgniter->runController()
 4 SYSTEMPATH\CodeIgniter.php(355): CodeIgniter\CodeIgniter->handleRequest()
 5 SYSTEMPATH\Boot.php(325): CodeIgniter\CodeIgniter->run()
 6 SYSTEMPATH\Boot.php(67): CodeIgniter\Boot::runCodeIgniter()
 7 FCPATH\index.php(56): CodeIgniter\Boot::bootWeb()
CRITICAL - 2024-12-20 20:39:06 --> Error: Class "SendGrid" not found
[Method: GET, Route: email-test]
in APPPATH\Libraries\SendGridLibrary.php on line 18.
 1 APPPATH\Controllers\EmailController.php(11): App\Libraries\SendGridLibrary->__construct()
 2 SYSTEMPATH\CodeIgniter.php(933): App\Controllers\EmailController->send()
 3 SYSTEMPATH\CodeIgniter.php(509): CodeIgniter\CodeIgniter->runController()
 4 SYSTEMPATH\CodeIgniter.php(355): CodeIgniter\CodeIgniter->handleRequest()
 5 SYSTEMPATH\Boot.php(325): CodeIgniter\CodeIgniter->run()
 6 SYSTEMPATH\Boot.php(67): CodeIgniter\Boot::runCodeIgniter()
 7 FCPATH\index.php(56): CodeIgniter\Boot::bootWeb()
CRITICAL - 2024-12-20 20:43:41 --> Error: Class "SendGrid" not found
[Method: GET, Route: email-test]
in APPPATH\Libraries\SendGridLibrary.php on line 18.
 1 APPPATH\Controllers\EmailController.php(11): App\Libraries\SendGridLibrary->__construct()
 2 SYSTEMPATH\CodeIgniter.php(933): App\Controllers\EmailController->send()
 3 SYSTEMPATH\CodeIgniter.php(509): CodeIgniter\CodeIgniter->runController()
 4 SYSTEMPATH\CodeIgniter.php(355): CodeIgniter\CodeIgniter->handleRequest()
 5 SYSTEMPATH\Boot.php(325): CodeIgniter\CodeIgniter->run()
 6 SYSTEMPATH\Boot.php(67): CodeIgniter\Boot::runCodeIgniter()
 7 FCPATH\index.php(56): CodeIgniter\Boot::bootWeb()
CRITICAL - 2024-12-20 20:43:43 --> Error: Class "SendGrid" not found
[Method: GET, Route: email-test]
in APPPATH\Libraries\SendGridLibrary.php on line 18.
 1 APPPATH\Controllers\EmailController.php(11): App\Libraries\SendGridLibrary->__construct()
 2 SYSTEMPATH\CodeIgniter.php(933): App\Controllers\EmailController->send()
 3 SYSTEMPATH\CodeIgniter.php(509): CodeIgniter\CodeIgniter->runController()
 4 SYSTEMPATH\CodeIgniter.php(355): CodeIgniter\CodeIgniter->handleRequest()
 5 SYSTEMPATH\Boot.php(325): CodeIgniter\CodeIgniter->run()
 6 SYSTEMPATH\Boot.php(67): CodeIgniter\Boot::runCodeIgniter()
 7 FCPATH\index.php(56): CodeIgniter\Boot::bootWeb()
CRITICAL - 2024-12-20 20:43:54 --> Error: Class "SendGrid\Mail\Mail" not found
[Method: POST, Route: kontakt_slanje]
in APPPATH\Controllers\KontaktController.php on line 30.
 1 SYSTEMPATH\CodeIgniter.php(933): App\Controllers\KontaktController->kontakt_slanje()
 2 SYSTEMPATH\CodeIgniter.php(509): CodeIgniter\CodeIgniter->runController()
 3 SYSTEMPATH\CodeIgniter.php(355): CodeIgniter\CodeIgniter->handleRequest()
 4 SYSTEMPATH\Boot.php(325): CodeIgniter\CodeIgniter->run()
 5 SYSTEMPATH\Boot.php(67): CodeIgniter\Boot::runCodeIgniter()
 6 FCPATH\index.php(56): CodeIgniter\Boot::bootWeb()
CRITICAL - 2024-12-20 20:49:18 --> Error: Class "SendGrid\Mail\Mail" not found
[Method: POST, Route: kontakt_slanje]
in APPPATH\Controllers\KontaktController.php on line 30.
 1 SYSTEMPATH\CodeIgniter.php(933): App\Controllers\KontaktController->kontakt_slanje()
 2 SYSTEMPATH\CodeIgniter.php(509): CodeIgniter\CodeIgniter->runController()
 3 SYSTEMPATH\CodeIgniter.php(355): CodeIgniter\CodeIgniter->handleRequest()
 4 SYSTEMPATH\Boot.php(325): CodeIgniter\CodeIgniter->run()
 5 SYSTEMPATH\Boot.php(67): CodeIgniter\Boot::runCodeIgniter()
 6 FCPATH\index.php(56): CodeIgniter\Boot::bootWeb()
CRITICAL - 2024-12-20 20:49:39 --> Error: Class "SendGrid\Mail\Mail" not found
[Method: POST, Route: kontakt_slanje]
in APPPATH\Controllers\KontaktController.php on line 30.
 1 SYSTEMPATH\CodeIgniter.php(933): App\Controllers\KontaktController->kontakt_slanje()
 2 SYSTEMPATH\CodeIgniter.php(509): CodeIgniter\CodeIgniter->runController()
 3 SYSTEMPATH\CodeIgniter.php(355): CodeIgniter\CodeIgniter->handleRequest()
 4 SYSTEMPATH\Boot.php(325): CodeIgniter\CodeIgniter->run()
 5 SYSTEMPATH\Boot.php(67): CodeIgniter\Boot::runCodeIgniter()
 6 FCPATH\index.php(56): CodeIgniter\Boot::bootWeb()
CRITICAL - 2024-12-20 20:49:42 --> Error: Class "SendGrid\Mail\Mail" not found
[Method: POST, Route: kontakt_slanje]
in APPPATH\Controllers\KontaktController.php on line 30.
 1 SYSTEMPATH\CodeIgniter.php(933): App\Controllers\KontaktController->kontakt_slanje()
 2 SYSTEMPATH\CodeIgniter.php(509): CodeIgniter\CodeIgniter->runController()
 3 SYSTEMPATH\CodeIgniter.php(355): CodeIgniter\CodeIgniter->handleRequest()
 4 SYSTEMPATH\Boot.php(325): CodeIgniter\CodeIgniter->run()
 5 SYSTEMPATH\Boot.php(67): CodeIgniter\Boot::runCodeIgniter()
 6 FCPATH\index.php(56): CodeIgniter\Boot::bootWeb()
CRITICAL - 2024-12-20 20:50:17 --> Error: Class "SendGrid\Mail\Mail" not found
[Method: POST, Route: kontakt_slanje]
in APPPATH\Controllers\KontaktController.php on line 30.
 1 SYSTEMPATH\CodeIgniter.php(933): App\Controllers\KontaktController->kontakt_slanje()
 2 SYSTEMPATH\CodeIgniter.php(509): CodeIgniter\CodeIgniter->runController()
 3 SYSTEMPATH\CodeIgniter.php(355): CodeIgniter\CodeIgniter->handleRequest()
 4 SYSTEMPATH\Boot.php(325): CodeIgniter\CodeIgniter->run()
 5 SYSTEMPATH\Boot.php(67): CodeIgniter\Boot::runCodeIgniter()
 6 FCPATH\index.php(56): CodeIgniter\Boot::bootWeb()
CRITICAL - 2024-12-20 20:51:16 --> Error: Class "SendGrid" not found
[Method: GET, Route: email-test]
in APPPATH\Libraries\SendGridLibrary.php on line 18.
 1 APPPATH\Controllers\EmailController.php(11): App\Libraries\SendGridLibrary->__construct()
 2 SYSTEMPATH\CodeIgniter.php(933): App\Controllers\EmailController->send()
 3 SYSTEMPATH\CodeIgniter.php(509): CodeIgniter\CodeIgniter->runController()
 4 SYSTEMPATH\CodeIgniter.php(355): CodeIgniter\CodeIgniter->handleRequest()
 5 SYSTEMPATH\Boot.php(325): CodeIgniter\CodeIgniter->run()
 6 SYSTEMPATH\Boot.php(67): CodeIgniter\Boot::runCodeIgniter()
 7 FCPATH\index.php(56): CodeIgniter\Boot::bootWeb()
CRITICAL - 2024-12-20 20:51:19 --> Error: Class "SendGrid" not found
[Method: GET, Route: email-test]
in APPPATH\Libraries\SendGridLibrary.php on line 18.
 1 APPPATH\Controllers\EmailController.php(11): App\Libraries\SendGridLibrary->__construct()
 2 SYSTEMPATH\CodeIgniter.php(933): App\Controllers\EmailController->send()
 3 SYSTEMPATH\CodeIgniter.php(509): CodeIgniter\CodeIgniter->runController()
 4 SYSTEMPATH\CodeIgniter.php(355): CodeIgniter\CodeIgniter->handleRequest()
 5 SYSTEMPATH\Boot.php(325): CodeIgniter\CodeIgniter->run()
 6 SYSTEMPATH\Boot.php(67): CodeIgniter\Boot::runCodeIgniter()
 7 FCPATH\index.php(56): CodeIgniter\Boot::bootWeb()
CRITICAL - 2024-12-20 21:02:56 --> ErrorException: require_once(D:\Programiranje\www\andrey-baugu.ch\app\ThirdParty/sendgrid/sendgrid-php.php): Failed to open stream: No such file or directory
[Method: GET, Route: email-test]
in APPPATH\Libraries\SendGridLibrary.php on line 6.
 1 APPPATH\Libraries\SendGridLibrary.php(6): CodeIgniter\Debug\Exceptions->errorHandler()
 2 APPPATH\Libraries\SendGridLibrary.php(6): require_once()
 3 SYSTEMPATH\Autoloader\Autoloader.php(317): include_once('D:\\Programiranje\\www\\andrey-baugu.ch\\app\\Libraries\\SendGridLibrary.php')
 4 SYSTEMPATH\Autoloader\Autoloader.php(296): CodeIgniter\Autoloader\Autoloader->includeFile()
 5 SYSTEMPATH\Autoloader\Autoloader.php(272): CodeIgniter\Autoloader\Autoloader->loadInNamespace()
 6 APPPATH\Controllers\EmailController.php(11): CodeIgniter\Autoloader\Autoloader->loadClass()
 7 SYSTEMPATH\CodeIgniter.php(933): App\Controllers\EmailController->send()
 8 SYSTEMPATH\CodeIgniter.php(509): CodeIgniter\CodeIgniter->runController()
 9 SYSTEMPATH\CodeIgniter.php(355): CodeIgniter\CodeIgniter->handleRequest()
10 SYSTEMPATH\Boot.php(325): CodeIgniter\CodeIgniter->run()
11 SYSTEMPATH\Boot.php(67): CodeIgniter\Boot::runCodeIgniter()
12 FCPATH\index.php(56): CodeIgniter\Boot::bootWeb()
CRITICAL - 2024-12-20 21:21:02 --> ErrorException: require_once(D:\Programiranje\www\andrey-baugu.ch\app\ThirdParty/sendgrid/sendgrid-php.php): Failed to open stream: No such file or directory
[Method: GET, Route: email-test]
in APPPATH\Libraries\SendGridLibrary.php on line 6.
 1 APPPATH\Libraries\SendGridLibrary.php(6): CodeIgniter\Debug\Exceptions->errorHandler()
 2 APPPATH\Libraries\SendGridLibrary.php(6): require_once()
 3 SYSTEMPATH\Autoloader\Autoloader.php(317): include_once('D:\\Programiranje\\www\\andrey-baugu.ch\\app\\Libraries\\SendGridLibrary.php')
 4 SYSTEMPATH\Autoloader\Autoloader.php(296): CodeIgniter\Autoloader\Autoloader->includeFile()
 5 SYSTEMPATH\Autoloader\Autoloader.php(272): CodeIgniter\Autoloader\Autoloader->loadInNamespace()
 6 APPPATH\Controllers\EmailController.php(11): CodeIgniter\Autoloader\Autoloader->loadClass()
 7 SYSTEMPATH\CodeIgniter.php(933): App\Controllers\EmailController->send()
 8 SYSTEMPATH\CodeIgniter.php(509): CodeIgniter\CodeIgniter->runController()
 9 SYSTEMPATH\CodeIgniter.php(355): CodeIgniter\CodeIgniter->handleRequest()
10 SYSTEMPATH\Boot.php(325): CodeIgniter\CodeIgniter->run()
11 SYSTEMPATH\Boot.php(67): CodeIgniter\Boot::runCodeIgniter()
12 FCPATH\index.php(56): CodeIgniter\Boot::bootWeb()
CRITICAL - 2024-12-20 21:21:04 --> ErrorException: require_once(D:\Programiranje\www\andrey-baugu.ch\app\ThirdParty/sendgrid/sendgrid-php.php): Failed to open stream: No such file or directory
[Method: GET, Route: email-test]
in APPPATH\Libraries\SendGridLibrary.php on line 6.
 1 APPPATH\Libraries\SendGridLibrary.php(6): CodeIgniter\Debug\Exceptions->errorHandler()
 2 APPPATH\Libraries\SendGridLibrary.php(6): require_once()
 3 SYSTEMPATH\Autoloader\Autoloader.php(317): include_once('D:\\Programiranje\\www\\andrey-baugu.ch\\app\\Libraries\\SendGridLibrary.php')
 4 SYSTEMPATH\Autoloader\Autoloader.php(296): CodeIgniter\Autoloader\Autoloader->includeFile()
 5 SYSTEMPATH\Autoloader\Autoloader.php(272): CodeIgniter\Autoloader\Autoloader->loadInNamespace()
 6 APPPATH\Controllers\EmailController.php(11): CodeIgniter\Autoloader\Autoloader->loadClass()
 7 SYSTEMPATH\CodeIgniter.php(933): App\Controllers\EmailController->send()
 8 SYSTEMPATH\CodeIgniter.php(509): CodeIgniter\CodeIgniter->runController()
 9 SYSTEMPATH\CodeIgniter.php(355): CodeIgniter\CodeIgniter->handleRequest()
10 SYSTEMPATH\Boot.php(325): CodeIgniter\CodeIgniter->run()
11 SYSTEMPATH\Boot.php(67): CodeIgniter\Boot::runCodeIgniter()
12 FCPATH\index.php(56): CodeIgniter\Boot::bootWeb()
CRITICAL - 2024-12-20 21:21:07 --> ErrorException: require_once(D:\Programiranje\www\andrey-baugu.ch\app\ThirdParty/sendgrid/sendgrid-php.php): Failed to open stream: No such file or directory
[Method: GET, Route: email-test]
in APPPATH\Libraries\SendGridLibrary.php on line 6.
 1 APPPATH\Libraries\SendGridLibrary.php(6): CodeIgniter\Debug\Exceptions->errorHandler()
 2 APPPATH\Libraries\SendGridLibrary.php(6): require_once()
 3 SYSTEMPATH\Autoloader\Autoloader.php(317): include_once('D:\\Programiranje\\www\\andrey-baugu.ch\\app\\Libraries\\SendGridLibrary.php')
 4 SYSTEMPATH\Autoloader\Autoloader.php(296): CodeIgniter\Autoloader\Autoloader->includeFile()
 5 SYSTEMPATH\Autoloader\Autoloader.php(272): CodeIgniter\Autoloader\Autoloader->loadInNamespace()
 6 APPPATH\Controllers\EmailController.php(11): CodeIgniter\Autoloader\Autoloader->loadClass()
 7 SYSTEMPATH\CodeIgniter.php(933): App\Controllers\EmailController->send()
 8 SYSTEMPATH\CodeIgniter.php(509): CodeIgniter\CodeIgniter->runController()
 9 SYSTEMPATH\CodeIgniter.php(355): CodeIgniter\CodeIgniter->handleRequest()
10 SYSTEMPATH\Boot.php(325): CodeIgniter\CodeIgniter->run()
11 SYSTEMPATH\Boot.php(67): CodeIgniter\Boot::runCodeIgniter()
12 FCPATH\index.php(56): CodeIgniter\Boot::bootWeb()
CRITICAL - 2024-12-20 21:22:23 --> Error: Class "SendGrid\Mail\Mail" not found
[Method: POST, Route: kontakt_slanje]
in APPPATH\Controllers\KontaktController.php on line 30.
 1 SYSTEMPATH\CodeIgniter.php(933): App\Controllers\KontaktController->kontakt_slanje()
 2 SYSTEMPATH\CodeIgniter.php(509): CodeIgniter\CodeIgniter->runController()
 3 SYSTEMPATH\CodeIgniter.php(355): CodeIgniter\CodeIgniter->handleRequest()
 4 SYSTEMPATH\Boot.php(325): CodeIgniter\CodeIgniter->run()
 5 SYSTEMPATH\Boot.php(67): CodeIgniter\Boot::runCodeIgniter()
 6 FCPATH\index.php(56): CodeIgniter\Boot::bootWeb()
CRITICAL - 2024-12-20 21:22:29 --> ErrorException: require_once(D:\Programiranje\www\andrey-baugu.ch\app\ThirdParty/sendgrid/sendgrid-php.php): Failed to open stream: No such file or directory
[Method: GET, Route: email-test]
in APPPATH\Libraries\SendGridLibrary.php on line 6.
 1 APPPATH\Libraries\SendGridLibrary.php(6): CodeIgniter\Debug\Exceptions->errorHandler()
 2 APPPATH\Libraries\SendGridLibrary.php(6): require_once()
 3 SYSTEMPATH\Autoloader\Autoloader.php(317): include_once('D:\\Programiranje\\www\\andrey-baugu.ch\\app\\Libraries\\SendGridLibrary.php')
 4 SYSTEMPATH\Autoloader\Autoloader.php(296): CodeIgniter\Autoloader\Autoloader->includeFile()
 5 SYSTEMPATH\Autoloader\Autoloader.php(272): CodeIgniter\Autoloader\Autoloader->loadInNamespace()
 6 APPPATH\Controllers\EmailController.php(11): CodeIgniter\Autoloader\Autoloader->loadClass()
 7 SYSTEMPATH\CodeIgniter.php(933): App\Controllers\EmailController->send()
 8 SYSTEMPATH\CodeIgniter.php(509): CodeIgniter\CodeIgniter->runController()
 9 SYSTEMPATH\CodeIgniter.php(355): CodeIgniter\CodeIgniter->handleRequest()
10 SYSTEMPATH\Boot.php(325): CodeIgniter\CodeIgniter->run()
11 SYSTEMPATH\Boot.php(67): CodeIgniter\Boot::runCodeIgniter()
12 FCPATH\index.php(56): CodeIgniter\Boot::bootWeb()
CRITICAL - 2024-12-20 22:18:40 --> Error: Call to undefined method App\Libraries\SendGridLibrary::setFrom()
[Method: POST, Route: kontakt_slanje]
in APPPATH\Controllers\KontaktController.php on line 31.
 1 SYSTEMPATH\CodeIgniter.php(933): App\Controllers\KontaktController->kontakt_slanje()
 2 SYSTEMPATH\CodeIgniter.php(509): CodeIgniter\CodeIgniter->runController()
 3 SYSTEMPATH\CodeIgniter.php(355): CodeIgniter\CodeIgniter->handleRequest()
 4 SYSTEMPATH\Boot.php(325): CodeIgniter\CodeIgniter->run()
 5 SYSTEMPATH\Boot.php(67): CodeIgniter\Boot::runCodeIgniter()
 6 FCPATH\index.php(56): CodeIgniter\Boot::bootWeb()
CRITICAL - 2024-12-20 22:19:45 --> Error: Call to undefined method App\Libraries\SendGridLibrary::setSubject()
[Method: POST, Route: kontakt_slanje]
in APPPATH\Controllers\KontaktController.php on line 32.
 1 SYSTEMPATH\CodeIgniter.php(933): App\Controllers\KontaktController->kontakt_slanje()
 2 SYSTEMPATH\CodeIgniter.php(509): CodeIgniter\CodeIgniter->runController()
 3 SYSTEMPATH\CodeIgniter.php(355): CodeIgniter\CodeIgniter->handleRequest()
 4 SYSTEMPATH\Boot.php(325): CodeIgniter\CodeIgniter->run()
 5 SYSTEMPATH\Boot.php(67): CodeIgniter\Boot::runCodeIgniter()
 6 FCPATH\index.php(56): CodeIgniter\Boot::bootWeb()
CRITICAL - 2024-12-20 22:21:49 --> ErrorException: Undefined variable $sendGrid
[Method: POST, Route: kontakt_slanje]
in APPPATH\Controllers\KontaktController.php on line 38.
 1 APPPATH\Controllers\KontaktController.php(38): CodeIgniter\Debug\Exceptions->errorHandler()
 2 SYSTEMPATH\CodeIgniter.php(933): App\Controllers\KontaktController->kontakt_slanje()
 3 SYSTEMPATH\CodeIgniter.php(509): CodeIgniter\CodeIgniter->runController()
 4 SYSTEMPATH\CodeIgniter.php(355): CodeIgniter\CodeIgniter->handleRequest()
 5 SYSTEMPATH\Boot.php(325): CodeIgniter\CodeIgniter->run()
 6 SYSTEMPATH\Boot.php(67): CodeIgniter\Boot::runCodeIgniter()
 7 FCPATH\index.php(56): CodeIgniter\Boot::bootWeb()
CRITICAL - 2024-12-20 22:23:07 --> TypeError: BaseSendGridClientInterface::send(): Argument #1 ($email) must be of type SendGrid\Mail\Mail, App\Libraries\SendGridLibrary given, called in D:\Programiranje\www\andrey-baugu.ch\app\Controllers\KontaktController.php on line 49
[Method: POST, Route: kontakt_slanje]
in APPPATH\ThirdParty\sendgrid\lib\BaseSendGridClientInterface.php on line 61.
 1 APPPATH\Controllers\KontaktController.php(49): BaseSendGridClientInterface->send()
 2 SYSTEMPATH\CodeIgniter.php(933): App\Controllers\KontaktController->kontakt_slanje()
 3 SYSTEMPATH\CodeIgniter.php(509): CodeIgniter\CodeIgniter->runController()
 4 SYSTEMPATH\CodeIgniter.php(355): CodeIgniter\CodeIgniter->handleRequest()
 5 SYSTEMPATH\Boot.php(325): CodeIgniter\CodeIgniter->run()
 6 SYSTEMPATH\Boot.php(67): CodeIgniter\Boot::runCodeIgniter()
 7 FCPATH\index.php(56): CodeIgniter\Boot::bootWeb()
INFO - 2024-12-20 22:23:41 --> Session: Class initialized using 'CodeIgniter\Session\Handlers\FileHandler' driver.
CRITICAL - 2024-12-20 22:23:41 --> TypeError: view(): Argument #2 ($data) must be of type array, null given, called in D:\Programiranje\www\andrey-baugu.ch\app\Controllers\KontaktController.php on line 65
[Method: GET, Route: kontakt_neuspeh]
in SYSTEMPATH\Common.php on line 1159.
 1 APPPATH\Controllers\KontaktController.php(65): view()
 2 SYSTEMPATH\CodeIgniter.php(933): App\Controllers\KontaktController->kontakt_neuspeh()
 3 SYSTEMPATH\CodeIgniter.php(509): CodeIgniter\CodeIgniter->runController()
 4 SYSTEMPATH\CodeIgniter.php(355): CodeIgniter\CodeIgniter->handleRequest()
 5 SYSTEMPATH\Boot.php(325): CodeIgniter\CodeIgniter->run()
 6 SYSTEMPATH\Boot.php(67): CodeIgniter\Boot::runCodeIgniter()
 7 FCPATH\index.php(56): CodeIgniter\Boot::bootWeb()
CRITICAL - 2024-12-20 22:27:26 --> TypeError: view(): Argument #2 ($data) must be of type array, null given, called in D:\Programiranje\www\andrey-baugu.ch\app\Controllers\KontaktController.php on line 54
[Method: GET, Route: kontakt_neuspeh]
in SYSTEMPATH\Common.php on line 1159.
 1 APPPATH\Controllers\KontaktController.php(54): view()
 2 SYSTEMPATH\CodeIgniter.php(933): App\Controllers\KontaktController->kontakt_neuspeh()
 3 SYSTEMPATH\CodeIgniter.php(509): CodeIgniter\CodeIgniter->runController()
 4 SYSTEMPATH\CodeIgniter.php(355): CodeIgniter\CodeIgniter->handleRequest()
 5 SYSTEMPATH\Boot.php(325): CodeIgniter\CodeIgniter->run()
 6 SYSTEMPATH\Boot.php(67): CodeIgniter\Boot::runCodeIgniter()
 7 FCPATH\index.php(56): CodeIgniter\Boot::bootWeb()
CRITICAL - 2024-12-20 22:27:28 --> TypeError: view(): Argument #2 ($data) must be of type array, null given, called in D:\Programiranje\www\andrey-baugu.ch\app\Controllers\KontaktController.php on line 54
[Method: GET, Route: kontakt_neuspeh]
in SYSTEMPATH\Common.php on line 1159.
 1 APPPATH\Controllers\KontaktController.php(54): view()
 2 SYSTEMPATH\CodeIgniter.php(933): App\Controllers\KontaktController->kontakt_neuspeh()
 3 SYSTEMPATH\CodeIgniter.php(509): CodeIgniter\CodeIgniter->runController()
 4 SYSTEMPATH\CodeIgniter.php(355): CodeIgniter\CodeIgniter->handleRequest()
 5 SYSTEMPATH\Boot.php(325): CodeIgniter\CodeIgniter->run()
 6 SYSTEMPATH\Boot.php(67): CodeIgniter\Boot::runCodeIgniter()
 7 FCPATH\index.php(56): CodeIgniter\Boot::bootWeb()
CRITICAL - 2024-12-20 22:27:39 --> ErrorException: Undefined variable $sendGrid
[Method: POST, Route: kontakt_slanje]
in APPPATH\Controllers\KontaktController.php on line 38.
 1 APPPATH\Controllers\KontaktController.php(38): CodeIgniter\Debug\Exceptions->errorHandler()
 2 SYSTEMPATH\CodeIgniter.php(933): App\Controllers\KontaktController->kontakt_slanje()
 3 SYSTEMPATH\CodeIgniter.php(509): CodeIgniter\CodeIgniter->runController()
 4 SYSTEMPATH\CodeIgniter.php(355): CodeIgniter\CodeIgniter->handleRequest()
 5 SYSTEMPATH\Boot.php(325): CodeIgniter\CodeIgniter->run()
 6 SYSTEMPATH\Boot.php(67): CodeIgniter\Boot::runCodeIgniter()
 7 FCPATH\index.php(56): CodeIgniter\Boot::bootWeb()
CRITICAL - 2024-12-20 22:31:09 --> ErrorException: Undefined variable $sendGrid
[Method: POST, Route: kontakt_slanje]
in APPPATH\Controllers\KontaktController.php on line 38.
 1 APPPATH\Controllers\KontaktController.php(38): CodeIgniter\Debug\Exceptions->errorHandler()
 2 SYSTEMPATH\CodeIgniter.php(933): App\Controllers\KontaktController->kontakt_slanje()
 3 SYSTEMPATH\CodeIgniter.php(509): CodeIgniter\CodeIgniter->runController()
 4 SYSTEMPATH\CodeIgniter.php(355): CodeIgniter\CodeIgniter->handleRequest()
 5 SYSTEMPATH\Boot.php(325): CodeIgniter\CodeIgniter->run()
 6 SYSTEMPATH\Boot.php(67): CodeIgniter\Boot::runCodeIgniter()
 7 FCPATH\index.php(56): CodeIgniter\Boot::bootWeb()
CRITICAL - 2024-12-20 22:35:36 --> ErrorException: Undefined variable $sendGrid
[Method: POST, Route: kontakt_slanje]
in APPPATH\Controllers\KontaktController.php on line 38.
 1 APPPATH\Controllers\KontaktController.php(38): CodeIgniter\Debug\Exceptions->errorHandler()
 2 SYSTEMPATH\CodeIgniter.php(933): App\Controllers\KontaktController->kontakt_slanje()
 3 SYSTEMPATH\CodeIgniter.php(509): CodeIgniter\CodeIgniter->runController()
 4 SYSTEMPATH\CodeIgniter.php(355): CodeIgniter\CodeIgniter->handleRequest()
 5 SYSTEMPATH\Boot.php(325): CodeIgniter\CodeIgniter->run()
 6 SYSTEMPATH\Boot.php(67): CodeIgniter\Boot::runCodeIgniter()
 7 FCPATH\index.php(56): CodeIgniter\Boot::bootWeb()
CRITICAL - 2024-12-20 22:37:45 --> ErrorException: Undefined variable $sendGrid
[Method: POST, Route: kontakt_slanje]
in APPPATH\Controllers\KontaktController.php on line 34.
 1 APPPATH\Controllers\KontaktController.php(34): CodeIgniter\Debug\Exceptions->errorHandler()
 2 SYSTEMPATH\CodeIgniter.php(933): App\Controllers\KontaktController->kontakt_slanje()
 3 SYSTEMPATH\CodeIgniter.php(509): CodeIgniter\CodeIgniter->runController()
 4 SYSTEMPATH\CodeIgniter.php(355): CodeIgniter\CodeIgniter->handleRequest()
 5 SYSTEMPATH\Boot.php(325): CodeIgniter\CodeIgniter->run()
 6 SYSTEMPATH\Boot.php(67): CodeIgniter\Boot::runCodeIgniter()
 7 FCPATH\index.php(56): CodeIgniter\Boot::bootWeb()
CRITICAL - 2024-12-20 22:57:33 --> ErrorException: Undefined variable $sendGrid
[Method: POST, Route: kontakt_slanje]
in APPPATH\Controllers\KontaktController.php on line 35.
 1 APPPATH\Controllers\KontaktController.php(35): CodeIgniter\Debug\Exceptions->errorHandler()
 2 SYSTEMPATH\CodeIgniter.php(933): App\Controllers\KontaktController->kontakt_slanje()
 3 SYSTEMPATH\CodeIgniter.php(509): CodeIgniter\CodeIgniter->runController()
 4 SYSTEMPATH\CodeIgniter.php(355): CodeIgniter\CodeIgniter->handleRequest()
 5 SYSTEMPATH\Boot.php(325): CodeIgniter\CodeIgniter->run()
 6 SYSTEMPATH\Boot.php(67): CodeIgniter\Boot::runCodeIgniter()
 7 FCPATH\index.php(56): CodeIgniter\Boot::bootWeb()
CRITICAL - 2024-12-20 22:58:31 --> ParseError: syntax error, unexpected token ","
[Method: POST, Route: kontakt_slanje]
in APPPATH\Controllers\KontaktController.php on line 35.
 1 FCPATH\vendor\composer\ClassLoader.php(427): Composer\Autoload\{closure}()
 2 [internal function]: Composer\Autoload\ClassLoader->loadClass()
 3 SYSTEMPATH\CodeIgniter.php(887): class_exists()
 4 SYSTEMPATH\CodeIgniter.php(496): CodeIgniter\CodeIgniter->startController()
 5 SYSTEMPATH\CodeIgniter.php(355): CodeIgniter\CodeIgniter->handleRequest()
 6 SYSTEMPATH\Boot.php(325): CodeIgniter\CodeIgniter->run()
 7 SYSTEMPATH\Boot.php(67): CodeIgniter\Boot::runCodeIgniter()
 8 FCPATH\index.php(56): CodeIgniter\Boot::bootWeb()
CRITICAL - 2024-12-20 22:58:50 --> ParseError: syntax error, unexpected token ","
[Method: POST, Route: kontakt_slanje]
in APPPATH\Controllers\KontaktController.php on line 35.
 1 FCPATH\vendor\composer\ClassLoader.php(427): Composer\Autoload\{closure}()
 2 [internal function]: Composer\Autoload\ClassLoader->loadClass()
 3 SYSTEMPATH\CodeIgniter.php(887): class_exists()
 4 SYSTEMPATH\CodeIgniter.php(496): CodeIgniter\CodeIgniter->startController()
 5 SYSTEMPATH\CodeIgniter.php(355): CodeIgniter\CodeIgniter->handleRequest()
 6 SYSTEMPATH\Boot.php(325): CodeIgniter\CodeIgniter->run()
 7 SYSTEMPATH\Boot.php(67): CodeIgniter\Boot::runCodeIgniter()
 8 FCPATH\index.php(56): CodeIgniter\Boot::bootWeb()
CRITICAL - 2024-12-20 22:59:24 --> ParseError: syntax error, unexpected token ","
[Method: POST, Route: kontakt_slanje]
in APPPATH\Controllers\KontaktController.php on line 35.
 1 FCPATH\vendor\composer\ClassLoader.php(427): Composer\Autoload\{closure}()
 2 [internal function]: Composer\Autoload\ClassLoader->loadClass()
 3 SYSTEMPATH\CodeIgniter.php(887): class_exists()
 4 SYSTEMPATH\CodeIgniter.php(496): CodeIgniter\CodeIgniter->startController()
 5 SYSTEMPATH\CodeIgniter.php(355): CodeIgniter\CodeIgniter->handleRequest()
 6 SYSTEMPATH\Boot.php(325): CodeIgniter\CodeIgniter->run()
 7 SYSTEMPATH\Boot.php(67): CodeIgniter\Boot::runCodeIgniter()
 8 FCPATH\index.php(56): CodeIgniter\Boot::bootWeb()
CRITICAL - 2024-12-20 22:59:35 --> ParseError: syntax error, unexpected token ","
[Method: POST, Route: kontakt_slanje]
in APPPATH\Controllers\KontaktController.php on line 35.
 1 FCPATH\vendor\composer\ClassLoader.php(427): Composer\Autoload\{closure}()
 2 [internal function]: Composer\Autoload\ClassLoader->loadClass()
 3 SYSTEMPATH\CodeIgniter.php(887): class_exists()
 4 SYSTEMPATH\CodeIgniter.php(496): CodeIgniter\CodeIgniter->startController()
 5 SYSTEMPATH\CodeIgniter.php(355): CodeIgniter\CodeIgniter->handleRequest()
 6 SYSTEMPATH\Boot.php(325): CodeIgniter\CodeIgniter->run()
 7 SYSTEMPATH\Boot.php(67): CodeIgniter\Boot::runCodeIgniter()
 8 FCPATH\index.php(56): CodeIgniter\Boot::bootWeb()
CRITICAL - 2024-12-20 22:59:52 --> ParseError: syntax error, unexpected token "public"
[Method: POST, Route: kontakt_slanje]
in APPPATH\Controllers\KontaktController.php on line 54.
 1 FCPATH\vendor\composer\ClassLoader.php(427): Composer\Autoload\{closure}()
 2 [internal function]: Composer\Autoload\ClassLoader->loadClass()
 3 SYSTEMPATH\CodeIgniter.php(887): class_exists()
 4 SYSTEMPATH\CodeIgniter.php(496): CodeIgniter\CodeIgniter->startController()
 5 SYSTEMPATH\CodeIgniter.php(355): CodeIgniter\CodeIgniter->handleRequest()
 6 SYSTEMPATH\Boot.php(325): CodeIgniter\CodeIgniter->run()
 7 SYSTEMPATH\Boot.php(67): CodeIgniter\Boot::runCodeIgniter()
 8 FCPATH\index.php(56): CodeIgniter\Boot::bootWeb()
CRITICAL - 2024-12-20 23:00:41 --> ErrorException: Undefined variable $sendGrid
[Method: POST, Route: kontakt_slanje]
in APPPATH\Controllers\KontaktController.php on line 34.
 1 APPPATH\Controllers\KontaktController.php(34): CodeIgniter\Debug\Exceptions->errorHandler()
 2 SYSTEMPATH\CodeIgniter.php(933): App\Controllers\KontaktController->kontakt_slanje()
 3 SYSTEMPATH\CodeIgniter.php(509): CodeIgniter\CodeIgniter->runController()
 4 SYSTEMPATH\CodeIgniter.php(355): CodeIgniter\CodeIgniter->handleRequest()
 5 SYSTEMPATH\Boot.php(325): CodeIgniter\CodeIgniter->run()
 6 SYSTEMPATH\Boot.php(67): CodeIgniter\Boot::runCodeIgniter()
 7 FCPATH\index.php(56): CodeIgniter\Boot::bootWeb()
CRITICAL - 2024-12-20 23:00:55 --> ErrorException: Undefined variable $sendGrid
[Method: POST, Route: kontakt_slanje]
in APPPATH\Controllers\KontaktController.php on line 34.
 1 APPPATH\Controllers\KontaktController.php(34): CodeIgniter\Debug\Exceptions->errorHandler()
 2 SYSTEMPATH\CodeIgniter.php(933): App\Controllers\KontaktController->kontakt_slanje()
 3 SYSTEMPATH\CodeIgniter.php(509): CodeIgniter\CodeIgniter->runController()
 4 SYSTEMPATH\CodeIgniter.php(355): CodeIgniter\CodeIgniter->handleRequest()
 5 SYSTEMPATH\Boot.php(325): CodeIgniter\CodeIgniter->run()
 6 SYSTEMPATH\Boot.php(67): CodeIgniter\Boot::runCodeIgniter()
 7 FCPATH\index.php(56): CodeIgniter\Boot::bootWeb()
INFO - 2024-12-20 23:07:38 --> Session: Class initialized using 'CodeIgniter\Session\Handlers\FileHandler' driver.
INFO - 2024-12-20 23:07:47 --> Session: Class initialized using 'CodeIgniter\Session\Handlers\FileHandler' driver.
INFO - 2024-12-20 23:38:53 --> Session: Class initialized using 'CodeIgniter\Session\Handlers\FileHandler' driver.
