CRITICAL - 2024-12-19 12:17:00 --> TypeError: preg_match(): Argument #2 ($subject) must be of type string, CodeIgniter\Email\Email given
[Method: POST, Route: kontakt_slanje]
in SYSTEMPATH\Email\Email.php on line 481.
 1 SYSTEMPATH\Email\Email.php(481): preg_match()
 2 APPPATH\Controllers\KontaktController.php(32): CodeIgniter\Email\Email->setFrom()
 3 SYSTEMPATH\CodeIgniter.php(933): App\Controllers\KontaktController->kontakt_slanje()
 4 SYSTEMPATH\CodeIgniter.php(509): CodeIgniter\CodeIgniter->runController()
 5 SYSTEMPATH\CodeIgniter.php(355): CodeIgniter\CodeIgniter->handleRequest()
 6 SYSTEMPATH\Boot.php(325): CodeIgniter\CodeIgniter->run()
 7 SYSTEMPATH\Boot.php(67): CodeIgniter\Boot::runCodeIgniter()
 8 FCPATH\index.php(56): CodeIgniter\Boot::bootWeb()
CRITICAL - 2024-12-19 12:18:33 --> TypeError: preg_match(): Argument #2 ($subject) must be of type string, CodeIgniter\Email\Email given
[Method: POST, Route: kontakt_slanje]
in SYSTEMPATH\Email\Email.php on line 481.
 1 SYSTEMPATH\Email\Email.php(481): preg_match()
 2 APPPATH\Controllers\KontaktController.php(32): CodeIgniter\Email\Email->setFrom()
 3 SYSTEMPATH\CodeIgniter.php(933): App\Controllers\KontaktController->kontakt_slanje()
 4 SYSTEMPATH\CodeIgniter.php(509): CodeIgniter\CodeIgniter->runController()
 5 SYSTEMPATH\CodeIgniter.php(355): CodeIgniter\CodeIgniter->handleRequest()
 6 SYSTEMPATH\Boot.php(325): CodeIgniter\CodeIgniter->run()
 7 SYSTEMPATH\Boot.php(67): CodeIgniter\Boot::runCodeIgniter()
 8 FCPATH\index.php(56): CodeIgniter\Boot::bootWeb()
CRITICAL - 2024-12-19 12:20:18 --> TypeError: preg_match(): Argument #2 ($subject) must be of type string, CodeIgniter\Email\Email given
[Method: POST, Route: kontakt_slanje]
in SYSTEMPATH\Email\Email.php on line 481.
 1 SYSTEMPATH\Email\Email.php(481): preg_match()
 2 APPPATH\Controllers\KontaktController.php(32): CodeIgniter\Email\Email->setFrom()
 3 SYSTEMPATH\CodeIgniter.php(933): App\Controllers\KontaktController->kontakt_slanje()
 4 SYSTEMPATH\CodeIgniter.php(509): CodeIgniter\CodeIgniter->runController()
 5 SYSTEMPATH\CodeIgniter.php(355): CodeIgniter\CodeIgniter->handleRequest()
 6 SYSTEMPATH\Boot.php(325): CodeIgniter\CodeIgniter->run()
 7 SYSTEMPATH\Boot.php(67): CodeIgniter\Boot::runCodeIgniter()
 8 FCPATH\index.php(56): CodeIgniter\Boot::bootWeb()
CRITICAL - 2024-12-19 22:03:39 --> TypeError: preg_match(): Argument #2 ($subject) must be of type string, CodeIgniter\Email\Email given
[Method: POST, Route: kontakt_slanje]
in SYSTEMPATH\Email\Email.php on line 481.
 1 SYSTEMPATH\Email\Email.php(481): preg_match()
 2 APPPATH\Controllers\KontaktController.php(32): CodeIgniter\Email\Email->setFrom()
 3 SYSTEMPATH\CodeIgniter.php(933): App\Controllers\KontaktController->kontakt_slanje()
 4 SYSTEMPATH\CodeIgniter.php(509): CodeIgniter\CodeIgniter->runController()
 5 SYSTEMPATH\CodeIgniter.php(355): CodeIgniter\CodeIgniter->handleRequest()
 6 SYSTEMPATH\Boot.php(325): CodeIgniter\CodeIgniter->run()
 7 SYSTEMPATH\Boot.php(67): CodeIgniter\Boot::runCodeIgniter()
 8 FCPATH\index.php(56): CodeIgniter\Boot::bootWeb()
ERROR - 2024-12-19 22:07:07 --> Email: sendWithSmtp throwed ErrorException: stream_socket_enable_crypto(): SSL/TLS already set-up for this stream in D:\Programiranje\www\andrey-baugu.ch\system\Email\Email.php:1916
Stack trace:
#0 [internal function]: CodeIgniter\Debug\Exceptions->errorHandler()
#1 D:\Programiranje\www\andrey-baugu.ch\system\Email\Email.php(1916): stream_socket_enable_crypto()
#2 D:\Programiranje\www\andrey-baugu.ch\system\Email\Email.php(1809): CodeIgniter\Email\Email->SMTPConnect()
#3 D:\Programiranje\www\andrey-baugu.ch\system\Email\Email.php(1694): CodeIgniter\Email\Email->sendWithSmtp()
#4 D:\Programiranje\www\andrey-baugu.ch\system\Email\Email.php(1589): CodeIgniter\Email\Email->spoolEmail()
#5 D:\Programiranje\www\andrey-baugu.ch\app\Controllers\KontaktController.php(44): CodeIgniter\Email\Email->send()
#6 D:\Programiranje\www\andrey-baugu.ch\system\CodeIgniter.php(933): App\Controllers\KontaktController->kontakt_slanje()
#7 D:\Programiranje\www\andrey-baugu.ch\system\CodeIgniter.php(509): CodeIgniter\CodeIgniter->runController()
#8 D:\Programiranje\www\andrey-baugu.ch\system\CodeIgniter.php(355): CodeIgniter\CodeIgniter->handleRequest()
#9 D:\Programiranje\www\andrey-baugu.ch\system\Boot.php(325): CodeIgniter\CodeIgniter->run()
#10 D:\Programiranje\www\andrey-baugu.ch\system\Boot.php(67): CodeIgniter\Boot::runCodeIgniter()
#11 D:\Programiranje\www\andrey-baugu.ch\index.php(56): CodeIgniter\Boot::bootWeb()
#12 {main}
ERROR - 2024-12-19 22:07:07 --> Email: Unable to send email using SMTP. Your server might not be configured to send mail using this method.
ERROR - 2024-12-19 22:07:07 --> 220-dolf.dnsserve.rs ESMTP Exim 4.98 #2 Thu, 19 Dec 2024 23:07:07 +0100 
220-We do not authorize the use of this system to transport unsolicited, 
220 and/or bulk e-mail.

hello: 250-dolf.dnsserve.rs Hello localhost [194.15.226.241]
250-SIZE 52428800
250-LIMITS MAILMAX=1000 RCPTMAX=50000
250-8BITMIME
250-PIPELINING
250-PIPECONNECT
250-AUTH PLAIN LOGIN
250 HELP

starttls: 503 STARTTLS command used when not advertised

The following SMTP error was encountered: 503 STARTTLS command used when not advertised

ERROR - 2024-12-19 22:07:29 --> Email: sendWithSmtp throwed ErrorException: stream_socket_enable_crypto(): SSL/TLS already set-up for this stream in D:\Programiranje\www\andrey-baugu.ch\system\Email\Email.php:1916
Stack trace:
#0 [internal function]: CodeIgniter\Debug\Exceptions->errorHandler()
#1 D:\Programiranje\www\andrey-baugu.ch\system\Email\Email.php(1916): stream_socket_enable_crypto()
#2 D:\Programiranje\www\andrey-baugu.ch\system\Email\Email.php(1809): CodeIgniter\Email\Email->SMTPConnect()
#3 D:\Programiranje\www\andrey-baugu.ch\system\Email\Email.php(1694): CodeIgniter\Email\Email->sendWithSmtp()
#4 D:\Programiranje\www\andrey-baugu.ch\system\Email\Email.php(1589): CodeIgniter\Email\Email->spoolEmail()
#5 D:\Programiranje\www\andrey-baugu.ch\app\Controllers\KontaktController.php(44): CodeIgniter\Email\Email->send()
#6 D:\Programiranje\www\andrey-baugu.ch\system\CodeIgniter.php(933): App\Controllers\KontaktController->kontakt_slanje()
#7 D:\Programiranje\www\andrey-baugu.ch\system\CodeIgniter.php(509): CodeIgniter\CodeIgniter->runController()
#8 D:\Programiranje\www\andrey-baugu.ch\system\CodeIgniter.php(355): CodeIgniter\CodeIgniter->handleRequest()
#9 D:\Programiranje\www\andrey-baugu.ch\system\Boot.php(325): CodeIgniter\CodeIgniter->run()
#10 D:\Programiranje\www\andrey-baugu.ch\system\Boot.php(67): CodeIgniter\Boot::runCodeIgniter()
#11 D:\Programiranje\www\andrey-baugu.ch\index.php(56): CodeIgniter\Boot::bootWeb()
#12 {main}
ERROR - 2024-12-19 22:07:29 --> Email: Unable to send email using SMTP. Your server might not be configured to send mail using this method.
ERROR - 2024-12-19 22:07:29 --> 220-dolf.dnsserve.rs ESMTP Exim 4.98 #2 Thu, 19 Dec 2024 23:07:28 +0100 
220-We do not authorize the use of this system to transport unsolicited, 
220 and/or bulk e-mail.

hello: 250-dolf.dnsserve.rs Hello localhost [194.15.226.241]
250-SIZE 52428800
250-LIMITS MAILMAX=1000 RCPTMAX=50000
250-8BITMIME
250-PIPELINING
250-PIPECONNECT
250-AUTH PLAIN LOGIN
250 HELP

starttls: 503 STARTTLS command used when not advertised

The following SMTP error was encountered: 503 STARTTLS command used when not advertised

