CRITICAL - 2024-12-17 00:28:34 --> CodeIgniter\View\Exceptions\ViewException: Invalid file: "kontakt/index.php"
[Method: GET, Route: kontakt]
in SYSTEMPATH\Exceptions\FrameworkException.php on line 41.
 1 SYSTEMPATH\View\View.php(222): CodeIgniter\Exceptions\FrameworkException::forInvalidFile()
 2 SYSTEMPATH\Common.php(1171): CodeIgniter\View\View->render()
 3 APPPATH\Controllers\Kontakt.php(10): view()
 4 SYSTEMPATH\CodeIgniter.php(933): App\Controllers\Kontakt->index()
 5 SYSTEMPATH\CodeIgniter.php(509): CodeIgniter\CodeIgniter->runController()
 6 SYSTEMPATH\CodeIgniter.php(355): CodeIgniter\CodeIgniter->handleRequest()
 7 SYSTEMPATH\Boot.php(325): CodeIgniter\CodeIgniter->run()
 8 SYSTEMPATH\Boot.php(67): CodeIgniter\Boot::runCodeIgniter()
 9 FCPATH\index.php(56): CodeIgniter\Boot::bootWeb()
ERROR - 2024-12-17 12:30:28 --> Email: sendWithSmtp throwed ErrorException: stream_socket_enable_crypto(): SSL/TLS already set-up for this stream in D:\Programiranje\www\andrey-baugu.ch\system\Email\Email.php:1916
Stack trace:
#0 [internal function]: CodeIgniter\Debug\Exceptions->errorHandler()
#1 D:\Programiranje\www\andrey-baugu.ch\system\Email\Email.php(1916): stream_socket_enable_crypto()
#2 D:\Programiranje\www\andrey-baugu.ch\system\Email\Email.php(1809): CodeIgniter\Email\Email->SMTPConnect()
#3 D:\Programiranje\www\andrey-baugu.ch\system\Email\Email.php(1694): CodeIgniter\Email\Email->sendWithSmtp()
#4 D:\Programiranje\www\andrey-baugu.ch\system\Email\Email.php(1589): CodeIgniter\Email\Email->spoolEmail()
#5 D:\Programiranje\www\andrey-baugu.ch\app\Controllers\Kontakt.php(21): CodeIgniter\Email\Email->send()
#6 D:\Programiranje\www\andrey-baugu.ch\system\CodeIgniter.php(933): App\Controllers\Kontakt->submit()
#7 D:\Programiranje\www\andrey-baugu.ch\system\CodeIgniter.php(509): CodeIgniter\CodeIgniter->runController()
#8 D:\Programiranje\www\andrey-baugu.ch\system\CodeIgniter.php(355): CodeIgniter\CodeIgniter->handleRequest()
#9 D:\Programiranje\www\andrey-baugu.ch\system\Boot.php(325): CodeIgniter\CodeIgniter->run()
#10 D:\Programiranje\www\andrey-baugu.ch\system\Boot.php(67): CodeIgniter\Boot::runCodeIgniter()
#11 D:\Programiranje\www\andrey-baugu.ch\index.php(56): CodeIgniter\Boot::bootWeb()
#12 {main}
ERROR - 2024-12-17 12:30:28 --> Email: Unable to send email using SMTP. Your server might not be configured to send mail using this method.
ERROR - 2024-12-17 12:30:28 --> 220-dolf.dnsserve.rs ESMTP Exim 4.98 #2 Tue, 17 Dec 2024 13:30:28 +0100 
220-We do not authorize the use of this system to transport unsolicited, 
220 and/or bulk e-mail.

hello: 250-dolf.dnsserve.rs Hello localhost [5.206.237.204]
250-SIZE 52428800
250-LIMITS MAILMAX=1000 RCPTMAX=50000
250-8BITMIME
250-PIPELINING
250-PIPECONNECT
250-AUTH PLAIN LOGIN
250 HELP

starttls: 503 STARTTLS command used when not advertised

The following SMTP error was encountered: 503 STARTTLS command used when not advertised

ERROR - 2024-12-17 12:37:51 --> Email: sendWithSmtp throwed ErrorException: stream_socket_enable_crypto(): SSL/TLS already set-up for this stream in D:\Programiranje\www\andrey-baugu.ch\system\Email\Email.php:1916
Stack trace:
#0 [internal function]: CodeIgniter\Debug\Exceptions->errorHandler()
#1 D:\Programiranje\www\andrey-baugu.ch\system\Email\Email.php(1916): stream_socket_enable_crypto()
#2 D:\Programiranje\www\andrey-baugu.ch\system\Email\Email.php(1809): CodeIgniter\Email\Email->SMTPConnect()
#3 D:\Programiranje\www\andrey-baugu.ch\system\Email\Email.php(1694): CodeIgniter\Email\Email->sendWithSmtp()
#4 D:\Programiranje\www\andrey-baugu.ch\system\Email\Email.php(1589): CodeIgniter\Email\Email->spoolEmail()
#5 D:\Programiranje\www\andrey-baugu.ch\app\Controllers\Kontakt.php(21): CodeIgniter\Email\Email->send()
#6 D:\Programiranje\www\andrey-baugu.ch\system\CodeIgniter.php(933): App\Controllers\Kontakt->submit()
#7 D:\Programiranje\www\andrey-baugu.ch\system\CodeIgniter.php(509): CodeIgniter\CodeIgniter->runController()
#8 D:\Programiranje\www\andrey-baugu.ch\system\CodeIgniter.php(355): CodeIgniter\CodeIgniter->handleRequest()
#9 D:\Programiranje\www\andrey-baugu.ch\system\Boot.php(325): CodeIgniter\CodeIgniter->run()
#10 D:\Programiranje\www\andrey-baugu.ch\system\Boot.php(67): CodeIgniter\Boot::runCodeIgniter()
#11 D:\Programiranje\www\andrey-baugu.ch\index.php(56): CodeIgniter\Boot::bootWeb()
#12 {main}
ERROR - 2024-12-17 12:37:51 --> Email: Unable to send email using SMTP. Your server might not be configured to send mail using this method.
ERROR - 2024-12-17 12:37:51 --> 220-dolf.dnsserve.rs ESMTP Exim 4.98 #2 Tue, 17 Dec 2024 13:37:50 +0100 
220-We do not authorize the use of this system to transport unsolicited, 
220 and/or bulk e-mail.

hello: 250-dolf.dnsserve.rs Hello localhost [5.206.237.204]
250-SIZE 52428800
250-LIMITS MAILMAX=1000 RCPTMAX=50000
250-8BITMIME
250-PIPELINING
250-PIPECONNECT
250-AUTH PLAIN LOGIN
250 HELP

starttls: 503 STARTTLS command used when not advertised

The following SMTP error was encountered: 503 STARTTLS command used when not advertised

